<?xml version="1.0" encoding="UTF-8"?>
<testng-results ignored="0" total="1" passed="1" failed="0" skipped="0">
  <reporter-output>
  </reporter-output>
  <suite started-at="2021-10-14T17:44:35 BDT" name="Default suite" finished-at="2021-10-14T17:46:52 BDT" duration-ms="137003">
    <groups>
    </groups>
    <test started-at="2021-10-14T17:44:35 BDT" name="Default test" finished-at="2021-10-14T17:46:52 BDT" duration-ms="137003">
      <class name="testCase.TestCases">
        <test-method is-config="true" signature="initDriver()[pri:0, instance:testCase.TestCases@702b8b12]" started-at="2021-10-14T17:44:35 BDT" name="initDriver" finished-at="2021-10-14T17:45:08 BDT" duration-ms="32798" status="PASS">
          <reporter-output>
          </reporter-output>
        </test-method> <!-- initDriver -->
        <test-method signature="OpenFreeVieoAndPlayTheVideo()[pri:0, instance:testCase.TestCases@702b8b12]" started-at="2021-10-14T17:45:08 BDT" name="OpenFreeVieoAndPlayTheVideo" finished-at="2021-10-14T17:45:51 BDT" duration-ms="43056" status="PASS">
          <reporter-output>
          </reporter-output>
        </test-method> <!-- OpenFreeVieoAndPlayTheVideo -->
        <test-method is-config="true" signature="tearDown()[pri:0, instance:testCase.TestCases@702b8b12]" started-at="2021-10-14T17:45:51 BDT" name="tearDown" finished-at="2021-10-14T17:46:52 BDT" duration-ms="61115" status="PASS">
          <reporter-output>
          </reporter-output>
        </test-method> <!-- tearDown -->
      </class> <!-- testCase.TestCases -->
    </test> <!-- Default test -->
  </suite> <!-- Default suite -->
</testng-results>
